Log file open, 10/02/19 14:56:50
LogWindows: Failed to load 'aqProf.dll' (GetLastError=126)
LogWindows: File 'aqProf.dll' does not exist
LogWindows: Failed to load 'VSPerf140.dll' (GetLastError=126)
LogWindows: File 'VSPerf140.dll' does not exist
LogWindows: Failed to load 'VtuneApi.dll' (GetLastError=126)
LogWindows: File 'VtuneApi.dll' does not exist
LogWindows: Failed to load 'VtuneApi32e.dll' (GetLastError=126)
LogWindows: File 'VtuneApi32e.dll' does not exist
LogInit: Display: Running engine for game: SoftDesignTraining
LogPlatformFile: Not using cached read wrapper
LogInit: Display: RandInit(-1857146849) SRandInit(-1857146849).
LogInit: Read version file with build ID '3709383'
LogInit: Overriding engine version to CL 3832480, compatible CL 3709383
LogInit: Registered custom module enumerator with build ID '3709383'
LogTaskGraph: Started task graph with 5 named threads and 14 total threads with 3 sets of task threads.
LogStats: Stats thread started at 0.203846
LogD3D11RHI: Aftermath initialized
LogPluginManager: Mounting plugin Paper2D
LogPluginManager: Mounting plugin LightPropagationVolume
LogPluginManager: Mounting plugin CodeLiteSourceCodeAccess
LogPluginManager: Mounting plugin GitSourceControl
LogPluginManager: Mounting plugin KDevelopSourceCodeAccess
LogPluginManager: Mounting plugin NullSourceCodeAccess
LogPluginManager: Mounting plugin PerforceSourceControl
LogPluginManager: Mounting plugin SubversionSourceControl
LogPluginManager: Mounting plugin UObjectPlugin
LogPluginManager: Mounting plugin VisualStudioCodeSourceCodeAccess
LogPluginManager: Mounting plugin VisualStudioSourceCodeAccess
LogPluginManager: Mounting plugin XCodeSourceCodeAccess
LogPluginManager: Mounting plugin AssetManagerEditor
LogPluginManager: Mounting plugin AudioCapture
LogPluginManager: Mounting plugin FacialAnimation
LogPluginManager: Mounting plugin GameplayTagsEditor
LogPluginManager: Mounting plugin MobileLauncherProfileWizard
LogPluginManager: Mounting plugin PluginBrowser
LogPluginManager: Mounting plugin SpeedTreeImporter
LogPluginManager: Mounting plugin AlembicImporter
LogPluginManager: Mounting plugin CharacterAI
LogPluginManager: Mounting plugin HTML5Networking
LogPluginManager: Mounting plugin AndroidMedia
LogPluginManager: Mounting plugin AvfMedia
LogPluginManager: Mounting plugin ImgMedia
LogPluginManager: Mounting plugin MediaCompositing
LogPluginManager: Mounting plugin MediaPlayerEditor
LogPluginManager: Mounting plugin WmfMedia
LogPluginManager: Mounting plugin TcpMessaging
LogPluginManager: Mounting plugin UdpMessaging
LogPluginManager: Mounting plugin ActorSequence
LogPluginManager: Mounting plugin LevelSequenceEditor
LogPluginManager: Mounting plugin MatineeToLevelSequence
LogPluginManager: Mounting plugin OnlineSubsystemGooglePlay
LogPluginManager: Mounting plugin OnlineSubsystemIOS
LogPluginManager: Mounting plugin OnlineSubsystem
LogPluginManager: Mounting plugin OnlineSubsystemNull
LogPluginManager: Mounting plugin OnlineSubsystemUtils
LogPluginManager: Mounting plugin AndroidDeviceProfileSelector
LogPluginManager: Mounting plugin AndroidMoviePlayer
LogPluginManager: Mounting plugin AndroidPermission
LogPluginManager: Mounting plugin AppleARKit
LogPluginManager: Mounting plugin AppleMoviePlayer
LogPluginManager: Mounting plugin ArchVisCharacter
LogPluginManager: Mounting plugin CableComponent
LogPluginManager: Mounting plugin CustomMeshComponent
LogPluginManager: Mounting plugin ExampleDeviceProfileSelector
LogPluginManager: Mounting plugin GoogleCloudMessaging
LogPluginManager: Mounting plugin ImmediatePhysics
LogPluginManager: Mounting plugin IOSDeviceProfileSelector
LogPluginManager: Mounting plugin LinuxDeviceProfileSelector
LogPluginManager: Mounting plugin LocationServicesBPLibrary
LogPluginManager: Mounting plugin MobilePatchingUtils
LogPluginManager: Mounting plugin OculusVR
LogPluginManager: Plugin shader directory ../../../Engine/Plugins/Runtime/Oculus/OculusVR/Shaders found
LogPluginManager: Mapping shader source directory ../../../Engine/Plugins/Runtime/Oculus/OculusVR/Shaders to virtual directory /Plugin/OculusVR
LogPluginManager: Mounting plugin PhysXVehicles
LogPluginManager: Mounting plugin ProceduralMeshComponent
LogPluginManager: Mounting plugin RuntimePhysXCooking
LogPluginManager: Mounting plugin SteamVR
LogPluginManager: Mounting plugin WindowsMoviePlayer
LogModuleManager: Display: Found up-to-date module file ../../../../../../Users/grego/Documents/Unreal Projects/TP/TP2/Binaries/Win64/UE4Editor-SoftDesignTraining-9006.dll (API version 3709383).
LogModuleManager: Display: Found up-to-date module file ../../../Engine/Plugins/2D/Paper2D/Binaries/Win64/UE4Editor-Paper2D.dll (API version 3709383).
LogModuleManager: Display: Found up-to-date module file ../../../Engine/Plugins/2D/Paper2D/Binaries/Win64/UE4Editor-Paper2DEditor.dll (API version 3709383).
LogModuleManager: Display: Found up-to-date module file ../../../Engine/Plugins/2D/Paper2D/Binaries/Win64/UE4Editor-PaperSpriteSheetImporter.dll (API version 3709383).
LogModuleManager: Display: Found up-to-date module file ../../../Engine/Plugins/2D/Paper2D/Binaries/Win64/UE4Editor-PaperTiledImporter.dll (API version 3709383).
LogModuleManager: Display: Found up-to-date module file ../../../Engine/Plugins/2D/Paper2D/Binaries/Win64/UE4Editor-SmartSnapping.dll (API version 3709383).
LogModuleManager: Display: Found up-to-date module file ../../../Engine/Plugins/Blendables/LightPropagationVolume/Binaries/Win64/UE4Editor-LightPropagationVolumeRuntime.dll (API version 3709383).
LogModuleManager: Display: Found up-to-date module file ../../../Engine/Plugins/Blendables/LightPropagationVolume/Binaries/Win64/UE4Editor-LightPropagationVolumeEditor.dll (API version 3709383).
LogModuleManager: Display: Found up-to-date module file ../../../Engine/Plugins/Developer/GitSourceControl/Binaries/Win64/UE4Editor-GitSourceControl.dll (API version 3709383).
LogModuleManager: Display: Found up-to-date module file ../../../Engine/Plugins/Developer/PerforceSourceControl/Binaries/Win64/UE4Editor-PerforceSourceControl.dll (API version 3709383).
LogModuleManager: Display: Found up-to-date module file ../../../Engine/Plugins/Developer/SubversionSourceControl/Binaries/Win64/UE4Editor-SubversionSourceControl.dll (API version 3709383).
LogModuleManager: Display: Found up-to-date module file ../../../Engine/Plugins/Developer/UObjectPlugin/Binaries/Win64/UE4Editor-UObjectPlugin.dll (API version 3709383).
LogModuleManager: Display: Found up-to-date module file ../../../Engine/Plugins/Developer/VisualStudioCodeSourceCodeAccess/Binaries/Win64/UE4Editor-VisualStudioCodeSourceCodeAccess.dll (API version 3709383).
LogModuleManager: Display: Found up-to-date module file ../../../Engine/Plugins/Developer/VisualStudioSourceCodeAccess/Binaries/Win64/UE4Editor-VisualStudioSourceCodeAccess.dll (API version 3709383).
LogModuleManager: Display: Found up-to-date module file ../../../Engine/Plugins/Editor/AssetManagerEditor/Binaries/Win64/UE4Editor-AssetManagerEditor.dll (API version 3709383).
LogModuleManager: Display: Found up-to-date module file ../../../Engine/Plugins/Editor/AudioCapture/Binaries/Win64/UE4Editor-AudioCapture.dll (API version 3709383).
LogModuleManager: Display: Found up-to-date module file ../../../Engine/Plugins/Editor/FacialAnimation/Binaries/Win64/UE4Editor-FacialAnimation.dll (API version 3709383).
LogModuleManager: Display: Found up-to-date module file ../../../Engine/Plugins/Editor/FacialAnimation/Binaries/Win64/UE4Editor-FacialAnimationEditor.dll (API version 3709383).
LogModuleManager: Display: Found up-to-date module file ../../../Engine/Plugins/Editor/GameplayTagsEditor/Binaries/Win64/UE4Editor-GameplayTagsEditor.dll (API version 3709383).
LogModuleManager: Display: Found up-to-date module file ../../../Engine/Plugins/Editor/MobileLauncherProfileWizard/Binaries/Win64/UE4Editor-MobileLauncherProfileWizard.dll (API version 3709383).
LogModuleManager: Display: Found up-to-date module file ../../../Engine/Plugins/Editor/PluginBrowser/Binaries/Win64/UE4Editor-PluginBrowser.dll (API version 3709383).
LogModuleManager: Display: Found up-to-date module file ../../../Engine/Plugins/Editor/SpeedTreeImporter/Binaries/Win64/UE4Editor-SpeedTreeImporter.dll (API version 3709383).
LogModuleManager: Display: Found up-to-date module file ../../../Engine/Plugins/Experimental/AlembicImporter/Binaries/Win64/UE4Editor-AlembicImporter.dll (API version 3709383).
LogModuleManager: Display: Found up-to-date module file ../../../Engine/Plugins/Experimental/AlembicImporter/Binaries/Win64/UE4Editor-AlembicLibrary.dll (API version 3709383).
LogModuleManager: Display: Found up-to-date module file ../../../Engine/Plugins/Experimental/CharacterAI/Binaries/Win64/UE4Editor-CharacterAI.dll (API version 3709383).
LogModuleManager: Display: Found up-to-date module file ../../../Engine/Plugins/Experimental/HTML5Networking/Binaries/Win64/UE4Editor-HTML5Networking.dll (API version 3709383).
LogModuleManager: Display: Found up-to-date module file ../../../Engine/Plugins/Media/AndroidMedia/Binaries/Win64/UE4Editor-AndroidMediaEditor.dll (API version 3709383).
LogModuleManager: Display: Found up-to-date module file ../../../Engine/Plugins/Media/AndroidMedia/Binaries/Win64/UE4Editor-AndroidMediaFactory.dll (API version 3709383).
LogModuleManager: Display: Found up-to-date module file ../../../Engine/Plugins/Media/AvfMedia/Binaries/Win64/UE4Editor-AvfMediaEditor.dll (API version 3709383).
LogModuleManager: Display: Found up-to-date module file ../../../Engine/Plugins/Media/AvfMedia/Binaries/Win64/UE4Editor-AvfMediaFactory.dll (API version 3709383).
LogModuleManager: Display: Found up-to-date module file ../../../Engine/Plugins/Media/AvfMedia/Binaries/Win64/UE4Editor-AvfMediaFactory.dll (API version 3709383).
LogModuleManager: Display: Found up-to-date module file ../../../Engine/Plugins/Media/ImgMedia/Binaries/Win64/UE4Editor-ImgMedia.dll (API version 3709383).
LogModuleManager: Display: Found up-to-date module file ../../../Engine/Plugins/Media/ImgMedia/Binaries/Win64/UE4Editor-ImgMediaEditor.dll (API version 3709383).
LogModuleManager: Display: Found up-to-date module file ../../../Engine/Plugins/Media/ImgMedia/Binaries/Win64/UE4Editor-ImgMediaFactory.dll (API version 3709383).
LogModuleManager: Display: Found up-to-date module file ../../../Engine/Plugins/Media/ImgMedia/Binaries/Win64/UE4Editor-ImgMediaFactory.dll (API version 3709383).
LogModuleManager: Display: Found up-to-date module file ../../../Engine/Plugins/Media/ImgMedia/Binaries/Win64/UE4Editor-OpenExrWrapper.dll (API version 3709383).
LogModuleManager: Display: Found up-to-date module file ../../../Engine/Plugins/Media/MediaCompositing/Binaries/Win64/UE4Editor-MediaCompositing.dll (API version 3709383).
LogModuleManager: Display: Found up-to-date module file ../../../Engine/Plugins/Media/MediaCompositing/Binaries/Win64/UE4Editor-MediaCompositingEditor.dll (API version 3709383).
LogModuleManager: Display: Found up-to-date module file ../../../Engine/Plugins/Media/MediaPlayerEditor/Binaries/Win64/UE4Editor-MediaPlayerEditor.dll (API version 3709383).
LogModuleManager: Display: Found up-to-date module file ../../../Engine/Plugins/Media/WmfMedia/Binaries/Win64/UE4Editor-WmfMedia.dll (API version 3709383).
LogModuleManager: Display: Found up-to-date module file ../../../Engine/Plugins/Media/WmfMedia/Binaries/Win64/UE4Editor-WmfMediaEditor.dll (API version 3709383).
LogModuleManager: Display: Found up-to-date module file ../../../Engine/Plugins/Media/WmfMedia/Binaries/Win64/UE4Editor-WmfMediaFactory.dll (API version 3709383).
LogModuleManager: Display: Found up-to-date module file ../../../Engine/Plugins/Media/WmfMedia/Binaries/Win64/UE4Editor-WmfMediaFactory.dll (API version 3709383).
LogModuleManager: Display: Found up-to-date module file ../../../Engine/Plugins/Messaging/TcpMessaging/Binaries/Win64/UE4Editor-TcpMessaging.dll (API version 3709383).
LogModuleManager: Display: Found up-to-date module file ../../../Engine/Plugins/Messaging/UdpMessaging/Binaries/Win64/UE4Editor-UdpMessaging.dll (API version 3709383).
LogModuleManager: Display: Found up-to-date module file ../../../Engine/Plugins/MovieScene/ActorSequence/Binaries/Win64/UE4Editor-ActorSequence.dll (API version 3709383).
LogModuleManager: Display: Found up-to-date module file ../../../Engine/Plugins/MovieScene/LevelSequenceEditor/Binaries/Win64/UE4Editor-LevelSequenceEditor.dll (API version 3709383).
LogModuleManager: Display: Found up-to-date module file ../../../Engine/Plugins/MovieScene/MatineeToLevelSequence/Binaries/Win64/UE4Editor-MatineeToLevelSequence.dll (API version 3709383).
LogModuleManager: Display: Found up-to-date module file ../../../Engine/Plugins/Online/OnlineSubsystem/Binaries/Win64/UE4Editor-OnlineSubsystem.dll (API version 3709383).
LogModuleManager: Display: Found up-to-date module file ../../../Engine/Plugins/Online/OnlineSubsystemNull/Binaries/Win64/UE4Editor-OnlineSubsystemNull.dll (API version 3709383).
LogModuleManager: Display: Found up-to-date module file ../../../Engine/Plugins/Online/OnlineSubsystemUtils/Binaries/Win64/UE4Editor-OnlineSubsystemUtils.dll (API version 3709383).
LogModuleManager: Display: Found up-to-date module file ../../../Engine/Plugins/Online/OnlineSubsystemUtils/Binaries/Win64/UE4Editor-OnlineBlueprintSupport.dll (API version 3709383).
LogModuleManager: Display: Found up-to-date module file ../../../Engine/Plugins/Runtime/AndroidDeviceProfileSelector/Binaries/Win64/UE4Editor-AndroidDeviceProfileSelector.dll (API version 3709383).
LogModuleManager: Display: Found up-to-date module file ../../../Engine/Plugins/Runtime/AndroidPermission/Binaries/Win64/UE4Editor-AndroidPermission.dll (API version 3709383).
LogModuleManager: Display: Found up-to-date module file ../../../Engine/Plugins/Runtime/AppleARKit/Binaries/Win64/UE4Editor-AppleARKit.dll (API version 3709383).
LogModuleManager: Display: Found up-to-date module file ../../../Engine/Plugins/Runtime/ArchVisCharacter/Binaries/Win64/UE4Editor-ArchVisCharacter.dll (API version 3709383).
LogModuleManager: Display: Found up-to-date module file ../../../Engine/Plugins/Runtime/CableComponent/Binaries/Win64/UE4Editor-CableComponent.dll (API version 3709383).
LogModuleManager: Display: Found up-to-date module file ../../../Engine/Plugins/Runtime/CustomMeshComponent/Binaries/Win64/UE4Editor-CustomMeshComponent.dll (API version 3709383).
LogModuleManager: Display: Found up-to-date module file ../../../Engine/Plugins/Runtime/ExampleDeviceProfileSelector/Binaries/Win64/UE4Editor-ExampleDeviceProfileSelector.dll (API version 3709383).
LogModuleManager: Display: Found up-to-date module file ../../../Engine/Plugins/Runtime/ImmediatePhysics/Binaries/Win64/UE4Editor-ImmediatePhysics.dll (API version 3709383).
LogModuleManager: Display: Found up-to-date module file ../../../Engine/Plugins/Runtime/ImmediatePhysics/Binaries/Win64/UE4Editor-ImmediatePhysicsEditor.dll (API version 3709383).
LogModuleManager: Display: Found up-to-date module file ../../../Engine/Plugins/Runtime/LocationServicesBPLibrary/Binaries/Win64/UE4Editor-LocationServicesBPLibrary.dll (API version 3709383).
LogModuleManager: Display: Found up-to-date module file ../../../Engine/Plugins/Runtime/MobilePatchingUtils/Binaries/Win64/UE4Editor-MobilePatchingUtils.dll (API version 3709383).
LogModuleManager: Display: Found up-to-date module file ../../../Engine/Plugins/Runtime/Oculus/OculusVR/Binaries/Win64/UE4Editor-OculusHMD.dll (API version 3709383).
LogModuleManager: Display: Found up-to-date module file ../../../Engine/Plugins/Runtime/Oculus/OculusVR/Binaries/Win64/UE4Editor-OculusInput.dll (API version 3709383).
LogModuleManager: Display: Found up-to-date module file ../../../Engine/Plugins/Runtime/Oculus/OculusVR/Binaries/Win64/UE4Editor-OculusEditor.dll (API version 3709383).
LogModuleManager: Display: Found up-to-date module file ../../../Engine/Plugins/Runtime/PhysXVehicles/Binaries/Win64/UE4Editor-PhysXVehicles.dll (API version 3709383).
LogModuleManager: Display: Found up-to-date module file ../../../Engine/Plugins/Runtime/PhysXVehicles/Binaries/Win64/UE4Editor-PhysXVehiclesEditor.dll (API version 3709383).
LogModuleManager: Display: Found up-to-date module file ../../../Engine/Plugins/Runtime/ProceduralMeshComponent/Binaries/Win64/UE4Editor-ProceduralMeshComponent.dll (API version 3709383).
LogModuleManager: Display: Found up-to-date module file ../../../Engine/Plugins/Runtime/ProceduralMeshComponent/Binaries/Win64/UE4Editor-ProceduralMeshComponentEditor.dll (API version 3709383).
LogModuleManager: Display: Found up-to-date module file ../../../Engine/Plugins/Runtime/RuntimePhysXCooking/Binaries/Win64/UE4Editor-RuntimePhysXCooking.dll (API version 3709383).
LogModuleManager: Display: Found up-to-date module file ../../../Engine/Plugins/Runtime/Steam/SteamVR/Binaries/Win64/UE4Editor-SteamVR.dll (API version 3709383).
LogModuleManager: Display: Found up-to-date module file ../../../Engine/Plugins/Runtime/Steam/SteamVR/Binaries/Win64/UE4Editor-SteamVRController.dll (API version 3709383).
LogModuleManager: Display: Found up-to-date module file ../../../Engine/Plugins/Runtime/WindowsMoviePlayer/Binaries/Win64/UE4Editor-WindowsMoviePlayer.dll (API version 3709383).
LogInit: Using libcurl 7.47.1
LogInit:  - built for x86_64-pc-win32
LogInit:  - supports SSL with OpenSSL/1.0.2g
LogInit:  - supports HTTP deflate (compression) using libz 1.2.8
LogInit:  - other features:
LogInit:      CURL_VERSION_SSL
LogInit:      CURL_VERSION_LIBZ
LogInit:      CURL_VERSION_IPV6
LogInit:      CURL_VERSION_ASYNCHDNS
LogInit:      CURL_VERSION_LARGEFILE
LogInit:      CURL_VERSION_IDN
LogInit:  CurlRequestOptions (configurable via config and command line):
LogInit:  - bVerifyPeer = false  - Libcurl will NOT verify peer certificate
LogInit:  - bUseHttpProxy = false  - Libcurl will NOT use HTTP proxy
LogInit:  - bDontReuseConnections = false  - Libcurl will reuse connections
LogInit:  - CertBundlePath = nullptr  - Libcurl will use whatever was configured at build time.
LogInit: Build: ++UE4+Release-4.18-CL-3832480
LogInit: Engine Version: 4.18.3-3832480+++UE4+Release-4.18
LogInit: Compatible Engine Version: 4.18.0-3709383+++UE4+Release-4.18
LogInit: Net CL: 3709383
LogDevObjectVersion: Number of dev versions registered: 16
LogDevObjectVersion:   Dev-Blueprints (B0D832E4-1F89-4F0D-ACCF-7EB736FD4AA2): 10
LogDevObjectVersion:   Dev-Build (E1C64328-A22C-4D53-A36C-8E866417BD8C): 0
LogDevObjectVersion:   Dev-Core (375EC13C-06E4-48FB-B500-84F0262A717E): 2
LogDevObjectVersion:   Dev-Editor (E4B068ED-F494-42E9-A231-DA0B2E46BB41): 20
LogDevObjectVersion:   Dev-Framework (CFFC743F-43B0-4480-9391-14DF171D2073): 30
LogDevObjectVersion:   Dev-Mobile (B02B49B5-BB20-44E9-A304-32B752E40360): 0
LogDevObjectVersion:   Dev-Networking (A4E4105C-59A1-49B5-A7C5-40C4547EDFEE): 0
LogDevObjectVersion:   Dev-Online (39C831C9-5AE6-47DC-9A44-9C173E1C8E7C): 0
LogDevObjectVersion:   Dev-Physics (78F01B33-EBEA-4F98-B9B4-84EACCB95AA2): 0
LogDevObjectVersion:   Dev-Platform (6631380F-2D4D-43E0-8009-CF276956A95A): 0
LogDevObjectVersion:   Dev-Rendering (12F88B9F-8875-4AFC-A67C-D90C383ABD29): 20
LogDevObjectVersion:   Dev-Sequencer (7B5AE74C-D270-4C10-A958-57980B212A5A): 4
LogDevObjectVersion:   Dev-VR (D7296918-1DD6-4BDD-9DE2-64A83CC13884): 0
LogDevObjectVersion:   Dev-LoadTimes (C2A15278-BFE7-4AFE-6C17-90FF531DF755): 1
LogDevObjectVersion:   Private-Geometry (6EACA3D4-40EC-4CC1-B786-8BED09428FC5): 1
LogDevObjectVersion:   Dev-AnimPhys (29E575DD-E0A3-4627-9D10-D276232CDCEA): 12
LogInit: Compiled (64-bit): Jan 12 2018 02:04:55
LogInit: Compiled with Visual C++: 19.00.24215.01
LogInit: Build Configuration: Development
LogInit: Branch Name: ++UE4+Release-4.18
LogInit: Command line:  
LogInit: Base directory: C:/Program Files/Epic Games/UE_4.18/Engine/Binaries/Win64/
LogInit: Installed Engine Build: 1
LogInit: Presizing for max 8388607 objects, including 0 objects not considered by GC, pre-allocating 0 bytes for permanent pool.
LogInit: Object subsystem initialized
[2019.10.02-18.56.54:252][  0]LogInit: Selected Device Profile: [Windows]
[2019.10.02-18.56.54:252][  0]LogInit: Applying CVar settings loaded from the selected device profile: [Windows]
[2019.10.02-18.56.54:263][  0]LogInit: Computer: DESKTOP-DM3S520
[2019.10.02-18.56.54:263][  0]LogInit: User: grego
[2019.10.02-18.56.54:263][  0]LogInit: CPU Page size=4096, Cores=4
[2019.10.02-18.56.54:263][  0]LogInit: High frequency timer resolution =10.000000 MHz
[2019.10.02-18.56.54:264][  0]LogMemory: Memory total: Physical=15.9GB (16GB approx)
[2019.10.02-18.56.54:264][  0]LogMemory: Platform Memory Stats for Windows
[2019.10.02-18.56.54:264][  0]LogMemory: Process Physical Memory: 271.88 MB used, 271.88 MB peak
[2019.10.02-18.56.54:264][  0]LogMemory: Process Virtual Memory: 269.68 MB used, 269.68 MB peak
[2019.10.02-18.56.54:264][  0]LogMemory: Physical Memory: 7331.95 MB used,  8935.11 MB free, 16267.06 MB total
[2019.10.02-18.56.54:264][  0]LogMemory: Virtual Memory: 4749.14 MB used,  8935.11 MB free, 134217728.00 MB total
[2019.10.02-18.56.54:544][  0]LogInit: Using OS detected language (fr-FR).
[2019.10.02-18.56.54:544][  0]LogInit: Using OS detected locale (fr-FR).
[2019.10.02-18.56.54:550][  0]LogTextLocalizationManager: No localization for 'fr-FR' exists, so 'en' will be used for the language.
[2019.10.02-18.56.54:550][  0]LogTextLocalizationManager: No localization for 'fr-FR' exists, so 'en' will be used for the locale.
[2019.10.02-18.56.54:974][  0]LogInit: Setting process to per monitor DPI aware
[2019.10.02-18.56.55:400][  0]LogD3D11RHI: D3D11 adapters:
[2019.10.02-18.56.55:677][  0]LogD3D11RHI:    0. 'NVIDIA GeForce GTX 850M' (Feature Level 11_0)
[2019.10.02-18.56.55:677][  0]LogD3D11RHI:       4065/0/8133 MB DedicatedVideo/DedicatedSystem/SharedSystem, Outputs:1, VendorId:0x10de
[2019.10.02-18.56.55:685][  0]LogD3D11RHI:    1. 'Intel(R) HD Graphics 4600' (Feature Level 11_0)
[2019.10.02-18.56.55:685][  0]LogD3D11RHI:       112/0/2048 MB DedicatedVideo/DedicatedSystem/SharedSystem, Outputs:0, VendorId:0x8086
[2019.10.02-18.56.55:687][  0]LogD3D11RHI:    2. 'Microsoft Basic Render Driver' (Feature Level 11_0)
[2019.10.02-18.56.55:687][  0]LogD3D11RHI:       0/0/8133 MB DedicatedVideo/DedicatedSystem/SharedSystem, Outputs:0, VendorId:0x1414
[2019.10.02-18.56.55:687][  0]LogD3D11RHI: Chosen D3D11 Adapter: 0
[2019.10.02-18.56.55:704][  0]LogD3D11RHI: Creating new Direct3DDevice
[2019.10.02-18.56.55:704][  0]LogD3D11RHI:     GPU DeviceId: 0x1391 (for the marketing name, search the web for "GPU Device Id")
[2019.10.02-18.56.55:704][  0]LogWindows: EnumDisplayDevices:
[2019.10.02-18.56.55:705][  0]LogWindows:    0. 'Intel(R) HD Graphics 4600' (P:1 D:1)
[2019.10.02-18.56.55:705][  0]LogWindows:    1. 'Intel(R) HD Graphics 4600' (P:0 D:0)
[2019.10.02-18.56.55:706][  0]LogWindows:    2. 'Intel(R) HD Graphics 4600' (P:0 D:0)
[2019.10.02-18.56.55:706][  0]LogWindows: DebugString: GetVideoDriverDetailsInvalid PrimaryIsNotTheChoosenAdapter GetVideoDriverDetailsInvalid PrimaryIsNotTheChoosenAdapter GetVideoDriverDetailsInvalid PrimaryIsNotTheChoosenAdapter FoundDriverCount:0 
[2019.10.02-18.56.55:706][  0]LogD3D11RHI:     Adapter Name: NVIDIA GeForce GTX 850M
[2019.10.02-18.56.55:706][  0]LogD3D11RHI:   Driver Version: Unknown (internal:Unknown, unified:Unknown)
[2019.10.02-18.56.55:706][  0]LogD3D11RHI:      Driver Date: Unknown
[2019.10.02-18.56.55:706][  0]LogRHI: Texture pool is 2846 MB (70% of 4065 MB)
[2019.10.02-18.56.55:743][  0]LogD3D11RHI: Async texture creation enabled
[2019.10.02-18.56.55:756][  0]LogD3D11RHI: GPU Timing Frequency: 1000.000000 (Debug: 2 1)
[2019.10.02-18.56.55:758][  0]LogShaderCompilers: Guid format shader working directory is -16 characters bigger than the processId version (../../../../../../Users/grego/Documents/Unreal Projects/TP/TP2/Intermediate/Shaders/WorkingDirectory/6676/).
[2019.10.02-18.56.55:758][  0]LogShaderCompilers: Cleaned the shader compiler working directory 'C:/Users/grego/AppData/Local/Temp/UnrealShaderWorkingDir/4003CD184FD1B5CE9308CAA64414BF10/'.
[2019.10.02-18.56.55:758][  0]LogShaderCompilers: Display: Using Local Shader Compiler.
[2019.10.02-18.56.56:984][  0]LogTemp: Display: Loaded TP AllDesktopTargetPlatform
[2019.10.02-18.56.57:076][  0]LogTemp: Display: Loaded TP MacClientTargetPlatform
[2019.10.02-18.56.57:166][  0]LogTemp: Display: Loaded TP MacNoEditorTargetPlatform
[2019.10.02-18.56.57:257][  0]LogTemp: Display: Loaded TP MacServerTargetPlatform
[2019.10.02-18.56.57:349][  0]LogTemp: Display: Loaded TP MacTargetPlatform
[2019.10.02-18.56.57:439][  0]LogTemp: Display: Loaded TP WindowsClientTargetPlatform
[2019.10.02-18.56.57:532][  0]LogTemp: Display: Loaded TP WindowsNoEditorTargetPlatform
[2019.10.02-18.56.57:624][  0]LogTemp: Display: Loaded TP WindowsServerTargetPlatform
[2019.10.02-18.56.57:707][  0]LogTemp: Display: Loaded TP WindowsTargetPlatform
[2019.10.02-18.56.57:795][  0]LogTemp: Display: Loaded TP Android_ASTCTargetPlatform
[2019.10.02-18.56.57:882][  0]LogTemp: Display: Loaded TP Android_ATCTargetPlatform
[2019.10.02-18.56.57:969][  0]LogTemp: Display: Loaded TP Android_DXTTargetPlatform
[2019.10.02-18.56.58:063][  0]LogTemp: Display: Loaded TP Android_ETC1TargetPlatform
[2019.10.02-18.56.58:156][  0]LogTemp: Display: Loaded TP Android_ETC2TargetPlatform
[2019.10.02-18.56.58:340][  0]LogTemp: Display: Loaded TP Android_MultiTargetPlatform
[2019.10.02-18.56.58:341][  0]LogTemp: Display: Loaded TP Android_PVRTCTargetPlatform
[2019.10.02-18.56.58:429][  0]LogTemp: Display: Loaded TP AndroidTargetPlatform
[2019.10.02-18.56.58:504][  0]LogTemp: Display: Loaded TP HTML5TargetPlatform
[2019.10.02-18.56.58:651][  0]LogTemp: Display: Loaded TP IOSTargetPlatform
[2019.10.02-18.56.58:697][  0]LogTemp: Display: Loaded TP TVOSTargetPlatform
[2019.10.02-18.56.58:783][  0]LogTemp: Display: Loaded TP LinuxClientTargetPlatform
[2019.10.02-18.56.58:870][  0]LogTemp: Display: Loaded TP LinuxNoEditorTargetPlatform
[2019.10.02-18.56.58:958][  0]LogTemp: Display: Loaded TP LinuxServerTargetPlatform
[2019.10.02-18.56.59:046][  0]LogTemp: Display: Loaded TP LinuxTargetPlatform
[2019.10.02-18.56.59:047][  0]LogTargetPlatformManager: Display: Building Assets For Windows
[2019.10.02-18.56.59:992][  0]LogDerivedDataCache: Display: Max Cache Size: 512 MB
[2019.10.02-18.57.00:079][  0]LogDerivedDataCache: Loaded boot cache 0.09s 82MB C:/Users/grego/AppData/Local/UnrealEngine/4.18/DerivedDataCache/Boot.ddc.
[2019.10.02-18.57.00:079][  0]LogDerivedDataCache: Display: Loaded Boot cache: C:/Users/grego/AppData/Local/UnrealEngine/4.18/DerivedDataCache/Boot.ddc
[2019.10.02-18.57.00:079][  0]LogDerivedDataCache: FDerivedDataBackendGraph:  Pak pak cache file ../../../../../../Users/grego/Documents/Unreal Projects/TP/TP2/DerivedDataCache/DDC.ddp not found, will not use a pak cache.
[2019.10.02-18.57.00:079][  0]LogDerivedDataCache: Unable to find inner node Pak for hierarchical cache Hierarchy.
[2019.10.02-18.57.00:080][  0]LogDerivedDataCache: FDerivedDataBackendGraph:  CompressedPak pak cache file ../../../../../../Users/grego/Documents/Unreal Projects/TP/TP2/DerivedDataCache/Compressed.ddp not found, will not use a pak cache.
[2019.10.02-18.57.00:080][  0]LogDerivedDataCache: Unable to find inner node CompressedPak for hierarchical cache Hierarchy.
[2019.10.02-18.57.00:096][  0]LogDerivedDataCache: Display: Pak cache opened for reading ../../../Engine/DerivedDataCache/Compressed.ddp.
[2019.10.02-18.57.00:109][  0]LogDerivedDataCache: Using Local data cache path C:/Users/grego/AppData/Local/UnrealEngine/Common/DerivedDataCache: Writable
[2019.10.02-18.57.00:120][  0]LogMaterial: Verifying Global Shaders for PCD3D_SM5
[2019.10.02-18.57.00:120][  0]LogSlate: Using Freetype 2.6.0
[2019.10.02-18.57.00:121][  0]LogSlate: SlateFontCache - WITH_FREETYPE: 1, WITH_HARFBUZZ: 1
[2019.10.02-18.57.00:121][  0]LogSlate: SlateFontCache - WITH_FREETYPE: 1, WITH_HARFBUZZ: 1
[2019.10.02-18.57.00:607][  0]LogInit: Selected Device Profile: [Windows]
[2019.10.02-18.57.01:197][  0]LogSimplygon: Simplygon DLL not present - disabling.
[2019.10.02-18.57.01:275][  0]LogMeshReduction: Using SimplygonSwarm for distributed automatic mesh merging
[2019.10.02-18.57.01:276][  0]LogMeshReduction: Using QuadricMeshReduction for automatic static mesh reduction
[2019.10.02-18.57.01:276][  0]LogMeshReduction: No automatic skeletal mesh reduction module available
[2019.10.02-18.57.01:276][  0]LogMeshReduction: No automatic mesh merging module available
[2019.10.02-18.57.01:276][  0]LogMeshMerging: No automatic mesh merging module available
[2019.10.02-18.57.01:332][  0]LogNetVersion: SoftDesignTraining , NetCL: 3709383, EngineNetVer: 2, GameNetVer: 0 (Checksum: 3688862555)
[2019.10.02-18.57.01:607][  0]LogAssetRegistry: FAssetRegistry took 0.0272 seconds to start up
[2019.10.02-18.57.02:348][  0]LogPackageLocalizationCache: Processed 7 localized package path(s) for 1 prioritized culture(s) in 0.035857 seconds
[2019.10.02-18.57.02:354][  0]LogUObjectArray: 35870 objects as part of root set at end of initial load.
[2019.10.02-18.57.02:354][  0]LogUObjectAllocator: 7363704 out of 0 bytes used by permanent object pool.
[2019.10.02-18.57.02:354][  0]LogUObjectArray: CloseDisregardForGC: 0/0 objects in disregard for GC pool
[2019.10.02-18.57.02:462][  0]LogInit: WinSock: version 1.1 (2.2), MaxSocks=32767, MaxUdp=65467
[2019.10.02-18.57.07:135][  0]LogTcpMessaging: Initializing TcpMessaging bridge
[2019.10.02-18.57.07:218][  0]LogUdpMessaging: Initializing bridge on interface 0.0.0.0:0 to multicast group 230.0.0.1:6666.
[2019.10.02-18.57.08:913][  0]LogMaterial: Uniform references updated for custom material expression Custom.
[2019.10.02-18.57.09:709][  0]SourceControl: Source control is disabled
[2019.10.02-18.57.09:709][  0]SourceControl: Source control is disabled
[2019.10.02-18.57.09:824][  0]SourceControl: Source control is disabled
[2019.10.02-18.57.09:938][  0]SourceControl: Source control is disabled
[2019.10.02-18.57.11:696][  0]LogAndroidPermission: UAndroidPermissionCallbackProxy::GetInstance
[2019.10.02-18.57.12:274][  0]LogOcInput: OculusInput pre-init called
[2019.10.02-18.57.12:793][  0]LogEngine: Initializing Engine...
[2019.10.02-18.57.12:796][  0]LogHMD: Failed to initialize OpenVR with code 110
[2019.10.02-18.57.13:027][  0]LogUObjectGlobals: Warning: Failed to find object 'Class /Script/SoftDesignTraining.SDT_WorldSettings'
[2019.10.02-18.57.13:027][  0]LogEngine: Error: Failed to load '/Script/SoftDesignTraining.SDT_WorldSettings', falling back to 'WorldSettings'
[2019.10.02-18.57.13:041][  0]LogStats: UGameplayTagsManager::ConstructGameplayTagTree: Construct from data asset -  0.000 s
[2019.10.02-18.57.13:041][  0]LogStats: UGameplayTagsManager::ConstructGameplayTagTree: GameplayTagTreeChangedEvent.Broadcast -  0.000 s
[2019.10.02-18.57.13:290][  0]LogAIModule: Creating AISystem for world Untitled
[2019.10.02-18.57.13:310][  0]LogInit: XAudio2 using 'Haut-parleurs (Realtek High Definition Audio)' : 2 channels at 48 kHz using 32 bits per sample (channel mask 0x3)
[2019.10.02-18.57.13:610][  0]LogInit: FAudioDevice initialized.
[2019.10.02-18.57.13:703][  0]LogDerivedDataCache: Saved boot cache 0.09s 82MB C:/Users/grego/AppData/Local/UnrealEngine/4.18/DerivedDataCache/Boot.ddc.
[2019.10.02-18.57.13:713][  0]LogInit: Texture streaming: Enabled
[2019.10.02-18.57.13:922][  0]LogEngineSessionManager: EngineSessionManager initialized
[2019.10.02-18.57.13:922][  0]LogEngineSessionManager: EngineSessionManager sent abnormal shutdown report. Type=Crashed, SessionId={FFD39BC2-4169-253D-E7E7-4AB9035FC321}
[2019.10.02-18.57.14:165][  0]LogInit: Transaction tracking system initialized
[2019.10.02-18.57.14:771][  0]BlueprintLog: New page: Editor Load
[2019.10.02-18.57.16:543][  0]LocalizationService: Localization service is disabled
[2019.10.02-18.57.17:590][  0]LogLinker: Warning: Can't find file '/Game/TopDown/TopDownOverview'
[2019.10.02-18.57.17:590][  0]LogLinker: Warning: Can't find file '/Game/TopDown/TopDownOverview'
[2019.10.02-18.57.17:590][  0]LogUObjectGlobals: Warning: Failed to find object 'Class /Game/TopDown/TopDownOverview.TopDownOverview_C'
[2019.10.02-18.57.18:015][  0]LogConsoleResponse: Display: 
[2019.10.02-18.57.18:314][  0]LogCook: Display: Max memory allowance for cook 16384mb min free memory 0mb
[2019.10.02-18.57.18:314][  0]LogCook: Display: Mobile HDR setting 1
[2019.10.02-18.57.18:314][  0]LogGameplayTags: Display: UGameplayTagsManager::DoneAddingNativeTags. DelegateIsBound: 0
[2019.10.02-18.57.18:715][  0]LogFileCache: Scanning file cache for directory 'C:/Users/grego/Documents/Unreal Projects/TP/TP2/Content/' took 0.02s
[2019.10.02-18.57.20:839][  0]SourceControl: Source control is disabled
[2019.10.02-18.57.20:934][  0]LogSlate: Took 0.000328 seconds to synchronously load lazily loaded font '../../../Engine/Content/Slate/Fonts/Roboto-Regular.ttf' (155K)
[2019.10.02-18.57.29:974][  0]LogWindowsTextInputMethodSystem: Display: IME system now deactivated.
[2019.10.02-18.57.29:976][  0]LogWindowsTextInputMethodSystem: Display: IME system now deactivated.
[2019.10.02-18.57.29:984][  0]Cmd: MAP LOAD FILE="../../../../../../Users/grego/Documents/Unreal Projects/TP/TP2/Content/TopDown/Maps/TopDownExampleMap.umap" TEMPLATE=0 SHOWPROGRESS=1 FEATURELEVEL=3
[2019.10.02-18.57.29:984][  0]LightingResults: New page: Lighting Build
[2019.10.02-18.57.30:111][  0]MapCheck: New page: Map Check
[2019.10.02-18.57.30:111][  0]LightingResults: New page: Lighting Build
[2019.10.02-18.57.30:169][  0]LogBlueprint: Warning: [Compiler SDT_AnimBP] Entry node  Default  is not connected to state
[2019.10.02-18.57.30:170][  0]LogBlueprint: Warning: [Compiler SDT_AnimBP] There was no entry state connection in  Default
[2019.10.02-18.57.30:172][  0]LogBlueprint: Warning: [Compiler SDT_AnimBP] [0041.94] Compile of SDT_AnimBP successful, but with 2 Warning(s) [in 7 ms] (/Game/Blueprint/SDT_AnimBP.SDT_AnimBP)
[2019.10.02-18.57.30:587][  0]LogAIModule: Creating AISystem for world TopDownExampleMap
[2019.10.02-18.57.30:598][  0]LogMaterial: Warning: Material /Game/StarterContent/Materials/M_Tech_Hex_Tile.M_Tech_Hex_Tile needed to have new flag set bUsedWithSkeletalMesh !
[2019.10.02-18.57.30:600][  0]LogMaterial: Missing cached shader map for material M_Tech_Hex_Tile, compiling. 
[2019.10.02-18.57.30:707][  0]MapCheck: Warning: M_Tech_Hex_Tile Material /Game/StarterContent/Materials/M_Tech_Hex_Tile.M_Tech_Hex_Tile was missing the usage flag bUsedWithSkeletalMesh. If the material asset is not re-saved, it may not render correctly when run outside the editor. Fix
[2019.10.02-18.57.30:713][  0]LogEditorServer: Finished looking for orphan Actors (0.000 secs)
[2019.10.02-18.57.30:725][  0]Cmd: MAP CHECKDEP NOCLEARLOG
[2019.10.02-18.57.30:884][  0]MapCheck: Map check complete: 0 Error(s), 1 Warning(s), took 157.765ms to complete.
[2019.10.02-18.57.30:894][  0]LogFileHelpers: Loading map 'TopDownExampleMap' took 0.910
[2019.10.02-18.57.31:058][  0]LogStats: Warning: MetaData mismatch. Did you assign a stat to two groups? New //STATGROUP_Threads//SplashScreenThread///Thread_a48_0///####STATCAT_Advanced#### old //STATGROUP_Threads//SplashScreenThread///Thread_1f28_0///####STATCAT_Advanced####
[2019.10.02-18.57.31:058][  0]LogCollectionManager: Loaded 0 collections in 0.007135 seconds
[2019.10.02-18.57.31:222][  0]LogFileCache: Scanning file cache for directory 'C:/Users/grego/Documents/Unreal Projects/TP/TP2/Saved/Collections/' took 0.01s
[2019.10.02-18.57.31:222][  0]LogFileCache: Scanning file cache for directory 'C:/Users/grego/Documents/Unreal Projects/TP/TP2/Content/Developers/grego/Collections/' took 0.01s
[2019.10.02-18.57.31:222][  0]LogFileCache: Scanning file cache for directory 'C:/Users/grego/Documents/Unreal Projects/TP/TP2/Content/Collections/' took 0.01s
[2019.10.02-18.57.31:222][  0]LogCollectionManager: Rebuilt the GUID cache for 0 collections in 0.000000 seconds
[2019.10.02-18.57.31:242][  0]LogContentBrowser: Native class hierarchy populated in 0.0198 seconds. Added 2378 classes and 521 folders.
[2019.10.02-18.57.31:451][  0]LogContentBrowser: Native class hierarchy updated for 'WidgetCarousel' in 0.0040 seconds. Added 0 classes and 0 folders.
[2019.10.02-18.57.31:600][  0]LogContentBrowser: Native class hierarchy updated for 'AddContentDialog' in 0.0040 seconds. Added 0 classes and 0 folders.
[2019.10.02-18.57.31:731][  0]LogContentBrowser: Native class hierarchy updated for 'SceneOutliner' in 0.0039 seconds. Added 1 classes and 2 folders.
[2019.10.02-18.57.31:833][  0]LogSlate: Took 0.000320 seconds to synchronously load lazily loaded font '../../../Engine/Content/Slate/Fonts/Roboto-Bold.ttf' (160K)
[2019.10.02-18.57.31:842][  0]LogSlate: Took 0.000469 seconds to synchronously load lazily loaded font '../../../Engine/Content/Editor/Slate/Fonts/FontAwesome.ttf' (139K)
[2019.10.02-18.57.32:086][  0]LogRenderer: Reallocating scene render targets to support 848x436 Format 10 NumSamples 1 (Frame:1).
[2019.10.02-18.57.32:422][  0]LogContentBrowser: Native class hierarchy updated for 'HierarchicalLODOutliner' in 0.0041 seconds. Added 1 classes and 2 folders.
[2019.10.02-18.57.32:423][  0]LogLoad: (Engine Initialization) Total time: 44.19 seconds
[2019.10.02-18.57.32:423][  0]LogLoad: (Engine Initialization) Total Blueprint compile time: 0.00 seconds
[2019.10.02-18.57.32:423][  0]LogExternalProfiler: No external profilers were discovered.  External profiling features will not be available.
[2019.10.02-18.57.32:463][  0]LogContentStreaming: Texture pool size now 1000 MB
[2019.10.02-18.57.32:509][  0]LogSlate: Took 0.000389 seconds to synchronously load lazily loaded font '../../../Engine/Content/Slate/Fonts/Roboto-Light.ttf' (159K)
[2019.10.02-18.57.32:803][  2]LogAssetRegistry: Asset discovery search completed in 31.2191 seconds
[2019.10.02-18.57.32:807][  2]LogCollectionManager: Rebuilt the object cache for 0 collections in 0.000001 seconds (found 0 objects)
[2019.10.02-18.57.32:807][  2]LogCollectionManager: Fixed up redirectors for 0 collections in 0.000142 seconds (updated 0 objects)
[2019.10.02-18.57.59:640][602]MapCheck: New page: Map Check
[2019.10.02-18.57.59:664][602]LightingResults: New page: Lighting Build - Oct 2, 2019, 10:57:59 AM
[2019.10.02-18.57.59:717][602]LogSwarmInterface: [OpenConnection] Registering TCP channel ...
[2019.10.02-18.57.59:801][602]LogSwarmInterface: [OpenConnection] Connecting to agent ...
[2019.10.02-18.57.59:819][602]LogSwarmInterface: [TryOpenConnection] Testing the Agent
[2019.10.02-18.58.00:329][602]LogSwarmInterface: [TryOpenConnection] Opening Connection to Agent
[2019.10.02-18.58.00:329][602]LogSwarmInterface: [TryOpenConnection] Local Process ID is 6676
[2019.10.02-18.58.06:913][602]LogStaticLightingSystem: Running Lightmass w/ ImmediateImport mode ENABLED
[2019.10.02-18.58.06:913][602]LogStaticLightingSystem: Running Lightmass w/ ImmediateProcess mode ENABLED
[2019.10.02-18.58.06:913][602]LogStaticLightingSystem: Running Lightmass w/ Sorting mode ENABLED
[2019.10.02-18.58.06:913][602]LogStaticLightingSystem: Running Lightmass w/ Mapping paddings ENABLED
[2019.10.02-18.58.06:913][602]LogStaticLightingSystem: Running Lightmass w/ Mapping debug paddings DISABLED
[2019.10.02-18.58.07:176][602]LogEditorBuildUtils: Build time 0:07
[2019.10.02-18.58.10:266][612]LightingResults: Warning: MaterialSphere Object has overlapping UVs.
[2019.10.02-18.58.10:266][612]LightingResults: MaterialSphere Lightmap UV are overlapping by 83.3%. Please adjust content - Enable Error Coloring to visualize.
[2019.10.02-18.58.10:266][612]LightingResults: Warning: MaterialSphere Object has overlapping UVs.
[2019.10.02-18.58.10:266][612]LightingResults: MaterialSphere Lightmap UV are overlapping by 83.3%. Please adjust content - Enable Error Coloring to visualize.
[2019.10.02-18.58.11:592][616]LightingResults: Warning: MaterialSphere Object has overlapping UVs.
[2019.10.02-18.58.11:592][616]LightingResults: MaterialSphere Lightmap UV are overlapping by 83.3%. Please adjust content - Enable Error Coloring to visualize.
[2019.10.02-18.58.12:262][618]LightingResults: Warning: MaterialSphere Object has overlapping UVs.
[2019.10.02-18.58.12:262][618]LightingResults: MaterialSphere Lightmap UV are overlapping by 83.3%. Please adjust content - Enable Error Coloring to visualize.
[2019.10.02-18.58.12:927][620]LightingResults: Warning: MaterialSphere Object has overlapping UVs.
[2019.10.02-18.58.12:927][620]LightingResults: MaterialSphere Lightmap UV are overlapping by 83.3%. Please adjust content - Enable Error Coloring to visualize.
[2019.10.02-18.58.13:927][623]LightingResults: Warning: MaterialSphere Object has overlapping UVs.
[2019.10.02-18.58.13:927][623]LightingResults: MaterialSphere Lightmap UV are overlapping by 83.3%. Please adjust content - Enable Error Coloring to visualize.
[2019.10.02-18.58.14:593][625]LightingResults: Warning: MaterialSphere Object has overlapping UVs.
[2019.10.02-18.58.14:593][625]LightingResults: MaterialSphere Lightmap UV are overlapping by 83.3%. Please adjust content - Enable Error Coloring to visualize.
[2019.10.02-18.58.14:933][626]LightingResults: Warning: MaterialSphere Object has overlapping UVs.
[2019.10.02-18.58.14:933][626]LightingResults: MaterialSphere Lightmap UV are overlapping by 83.3%. Please adjust content - Enable Error Coloring to visualize.
[2019.10.02-18.58.15:263][627]LightingResults: Warning: MaterialSphere Object has overlapping UVs.
[2019.10.02-18.58.15:263][627]LightingResults: MaterialSphere Lightmap UV are overlapping by 83.3%. Please adjust content - Enable Error Coloring to visualize.
[2019.10.02-18.58.15:593][628]LightingResults: Warning: MaterialSphere Object has overlapping UVs.
[2019.10.02-18.58.15:593][628]LightingResults: MaterialSphere Lightmap UV are overlapping by 83.3%. Please adjust content - Enable Error Coloring to visualize.
[2019.10.02-18.58.15:932][629]LightingResults: Warning: MaterialSphere Object has overlapping UVs.
[2019.10.02-18.58.15:932][629]LightingResults: MaterialSphere Lightmap UV are overlapping by 83.3%. Please adjust content - Enable Error Coloring to visualize.
[2019.10.02-18.58.16:932][632]LightingResults: Warning: MaterialSphere Object has overlapping UVs.
[2019.10.02-18.58.16:932][632]LightingResults: MaterialSphere Lightmap UV are overlapping by 83.3%. Please adjust content - Enable Error Coloring to visualize.
[2019.10.02-18.58.17:590][634]Job is a success!
[2019.10.02-18.58.17:931][635]LogSlate: Took 0.000225 seconds to synchronously load lazily loaded font '../../../Engine/Content/Slate/Fonts/Roboto-Light.ttf' (159K)
[2019.10.02-18.58.18:013][635]LogVolumetricLightmapImport: Imported Volumetric Lightmap in 0.016s
[2019.10.02-18.58.18:013][635]LogVolumetricLightmapImport:      Indirection Texture 16x16x16 = 0.0Mb
[2019.10.02-18.58.18:013][635]LogVolumetricLightmapImport:      BrickData 115x5x5 = 0.1Mb
[2019.10.02-18.58.18:013][635]LogVolumetricLightmapImport:      Bricks at Level
[2019.10.02-18.58.18:013][635]LogVolumetricLightmapImport:          0: 4.3% covering 100.0% of volume
[2019.10.02-18.58.18:013][635]LogVolumetricLightmapImport:          1: 8.7% covering 3.1% of volume
[2019.10.02-18.58.18:013][635]LogVolumetricLightmapImport:          2: 87.0% covering 0.5% of volume
[2019.10.02-18.58.20:042][635]LogTexture: Display: Building textures: SkyOcclusion1_1 (AutoDXT, 1024X512)
[2019.10.02-18.58.20:042][635]LogTexture: Display: Building textures: HQ_Lightmap1_1 (AutoDXT, 1024X1024)
[2019.10.02-18.58.20:042][635]LogTexture: Display: Building textures: LQ_Lightmap_1_1 (DXT1, 1024X1024)
[2019.10.02-18.58.20:042][635]LogTexture: Display: Building textures: SkyOcclusion1_2 (AutoDXT, 1024X512)
[2019.10.02-18.58.20:042][635]LogTexture: Display: Building textures: HQ_Lightmap1_2 (AutoDXT, 1024X1024)
[2019.10.02-18.58.20:042][635]LogTexture: Display: Building textures: LQ_Lightmap_1_2 (DXT1, 1024X1024)
[2019.10.02-18.58.20:042][635]LogTexture: Display: Building textures: SkyOcclusion1_3 (AutoDXT, 1024X512)
[2019.10.02-18.58.20:043][635]LogTexture: Display: Building textures: HQ_Lightmap1_3 (AutoDXT, 1024X1024)
[2019.10.02-18.58.20:043][635]LogTexture: Display: Building textures: LQ_Lightmap_1_3 (DXT1, 1024X1024)
[2019.10.02-18.58.20:043][635]LogTexture: Display: Building textures: SkyOcclusion1_4 (AutoDXT, 1024X512)
[2019.10.02-18.58.20:043][635]LogTexture: Display: Building textures: HQ_Lightmap1_4 (AutoDXT, 1024X1024)
[2019.10.02-18.58.20:043][635]LogTexture: Display: Building textures: LQ_Lightmap_1_4 (DXT1, 1024X1024)
[2019.10.02-18.58.20:043][635]LogTexture: Display: Building textures: SkyOcclusion1_5 (AutoDXT, 1024X512)
[2019.10.02-18.58.20:043][635]LogTexture: Display: Building textures: HQ_Lightmap1_5 (AutoDXT, 1024X1024)
[2019.10.02-18.58.20:043][635]LogTexture: Display: Building textures: LQ_Lightmap_1_5 (DXT1, 1024X1024)
[2019.10.02-18.58.20:043][635]LogTexture: Display: Building textures: SkyOcclusion1_6 (AutoDXT, 64X32)
[2019.10.02-18.58.20:043][635]LogTexture: Display: Building textures: HQ_Lightmap1_6 (AutoDXT, 64X64)
[2019.10.02-18.58.20:043][635]LogTexture: Display: Building textures: LQ_Lightmap_1_6 (DXT1, 64X64)
[2019.10.02-18.58.20:241][635]LogTexture: Display: Building textures: ShadowMapTexture2D_6 (G8, 1024X256)
[2019.10.02-18.58.20:241][635]LogTexture: Display: Building textures: ShadowMapTexture2D_7 (G8, 32X32)
[2019.10.02-18.58.20:375][635]LogTexture: Display: Building textures: ShadowMapTexture2D_4 (G8, 1024X1024)
[2019.10.02-18.58.20:376][635]LogTexture: Display: Building textures: ShadowMapTexture2D_5 (G8, 1024X1024)
[2019.10.02-18.58.20:411][635]Lightmass on DESKTOP-DM3S520: 12.3 sec total, 108 ms importing, 10 ms setup, 1.73 sec photons, 10.4 sec processing, 0 ms extra exporting [52/52 mappings]. Threads: 1:12 min total, 42.0 sec processing.
[2019.10.02-18.58.20:439][635]LogStaticLightingSystem: Illumination: 20.4 sec (1.88 sec encoding lightmaps, 331 ms encoding shadowmaps)
[2019.10.02-18.58.20:439][635]LogStaticLightingSystem: Lightmap texture memory:  13.3 MB (13.3 MB streaming, 0.0 MB non-streaming), 12 textures
[2019.10.02-18.58.20:439][635]LogStaticLightingSystem: Shadowmap texture memory: 3.0 MB (3.0 MB streaming, 0.0 MB non-streaming), 4 textures
[2019.10.02-18.58.20:923][635]DumpUnbuiltLightIteractions
[2019.10.02-18.58.20:923][635]Lights with unbuilt interactions: 0
[2019.10.02-18.58.20:923][635]
[2019.10.02-18.58.20:923][635]Primitives with unbuilt interactions: 0
[2019.10.02-18.58.20:943][636]Cmd: MAP CHECK NOTIFYRESULTS
[2019.10.02-18.58.20:943][636]MapCheck: New page: TopDownExampleMap - Oct 2, 2019, 10:58:20 AM
[2019.10.02-18.58.20:944][636]MapCheck: Warning: WorldSettings_0 Duplicate level info 
[2019.10.02-18.58.21:067][636]MapCheck: Map check complete: 0 Error(s), 1 Warning(s), took 124.797ms to complete.
[2019.10.02-19.06.48:678][605]LogEditorViewport: Clicking on Actor (LMB): StaticMeshActor (Floor)
[2019.10.02-19.07.42:114][805]LogSlate: Took 0.000345 seconds to synchronously load lazily loaded font '../../../Engine/Content/Editor/Slate/Fonts/Roboto-Italic.ttf' (157K)
[2019.10.02-19.10.16:537][ 14]LogContentBrowser: Native class hierarchy updated for 'BlueprintGraph' in 0.0037 seconds. Added 116 classes and 0 folders.
[2019.10.02-19.10.22:802][299]LogSlate: Took 0.002138 seconds to synchronously load lazily loaded font '../../../Engine/Content/Editor/Slate/Fonts/Roboto-BoldCondensed.ttf' (158K)
[2019.10.02-19.11.47:593][280]LogSlate: Warning: Prevented a slow task dialog from being summoned while a context menu was open
[2019.10.02-19.12.13:021][799]BlueprintLog: New page: Compile BP_SDTDeathFloor
[2019.10.02-19.12.33:585][937]LogEditorViewport: Clicking on Actor (LMB): StaticMeshActor (Floor)
[2019.10.02-19.13.19:070][648]LogSlate: Took 0.000281 seconds to synchronously load lazily loaded font '../../../Engine/Content/Slate/Fonts/Roboto-Light.ttf' (159K)
[2019.10.02-19.13.28:551][188]LogSavePackage: Save=419.70ms
[2019.10.02-19.13.28:551][188]LogSavePackage: Moving '../../../../../../Users/grego/Documents/Unreal Projects/TP/TP2/Saved/TopDownExampleMap_Auto10AFD432A4C3F2DD38707DEA43D2C0A68.tmp' to '../../../../../../Users/grego/Documents/Unreal Projects/TP/TP2/Saved/Autosaves/Game/TopDown/Maps/TopDownExampleMap_Auto1.umap'
[2019.10.02-19.13.28:555][188]LogSavePackage: Display: Finished SavePackage ../../../../../../Users/grego/Documents/Unreal Projects/TP/TP2/Saved/Autosaves/Game/TopDown/Maps/TopDownExampleMap_Auto1.umap
[2019.10.02-19.13.28:557][188]LogFileHelpers: Editor autosave (incl. sublevels) for '/Game/TopDown/Maps/TopDownExampleMap' took 0.467
[2019.10.02-19.13.28:557][188]LogFileHelpers: Editor autosave (incl. sublevels) for all levels took 0.467
[2019.10.02-19.13.28:560][188]OBJ SavePackage: Generating thumbnails for [1] asset(s) in package [/Game/Blueprint/BP_SDTDeathFloor] ([1] browsable assets)...
[2019.10.02-19.13.28:611][188]OBJ SavePackage:     Rendered thumbnail for [Blueprint /Game/Blueprint/BP_SDTDeathFloor.BP_SDTDeathFloor]
[2019.10.02-19.13.28:611][188]OBJ SavePackage: Finished generating thumbnails for package [/Game/Blueprint/BP_SDTDeathFloor]
[2019.10.02-19.13.28:638][188]LogSavePackage: Save=19.31ms
[2019.10.02-19.13.28:638][188]LogSavePackage: Moving '../../../../../../Users/grego/Documents/Unreal Projects/TP/TP2/Saved/BP_SDTDeathFloor_Auto18988950C4E7CE42F646C9B84C97639CF.tmp' to '../../../../../../Users/grego/Documents/Unreal Projects/TP/TP2/Saved/Autosaves/Game/Blueprint/BP_SDTDeathFloor_Auto1.uasset'
[2019.10.02-19.13.28:640][188]LogSavePackage: Display: Finished SavePackage ../../../../../../Users/grego/Documents/Unreal Projects/TP/TP2/Saved/Autosaves/Game/Blueprint/BP_SDTDeathFloor_Auto1.uasset
[2019.10.02-19.13.28:641][188]OBJ SavePackage: Generating thumbnails for [0] asset(s) in package [/Game/TopDown/Maps/TopDownExampleMap_BuiltData] ([1] browsable assets)...
[2019.10.02-19.13.28:641][188]OBJ SavePackage: Finished generating thumbnails for package [/Game/TopDown/Maps/TopDownExampleMap_BuiltData]
[2019.10.02-19.13.28:712][188]LogSavePackage: Save=57.26ms
[2019.10.02-19.13.28:712][188]LogSavePackage: Moving '../../../../../../Users/grego/Documents/Unreal Projects/TP/TP2/Saved/TopDownExampleMap_BuiltData_Auto3249B6F540E86312465B5C80A37BE132.tmp' to '../../../../../../Users/grego/Documents/Unreal Projects/TP/TP2/Saved/Autosaves/Game/TopDown/Maps/TopDownExampleMap_BuiltData_Auto1.uasset'
[2019.10.02-19.13.28:714][188]LogSavePackage: Display: Finished SavePackage ../../../../../../Users/grego/Documents/Unreal Projects/TP/TP2/Saved/Autosaves/Game/TopDown/Maps/TopDownExampleMap_BuiltData_Auto1.uasset
[2019.10.02-19.13.28:714][188]LogFileHelpers: Auto-saving content packages took 0.156
[2019.10.02-19.14.11:822][696]LogSlate: Only BGRA pngs, bmps or icos are supported in by External Image Picker
[2019.10.02-19.14.11:901][696]LogTemp: Executing iPhonePackager certificates Engine -bundlename com.YourCompany.SoftDesignTraining
[2019.10.02-19.14.11:901][696]LogTemp: CWD: C:\Program Files\Epic Games\UE_4.18\Engine\Binaries\DotNET\IOS
[2019.10.02-19.14.11:901][696]LogTemp: Initial Dir: C:\Program Files\Epic Games\UE_4.18
[2019.10.02-19.14.11:901][696]LogTemp: Env CWD: C:\Program Files\Epic Games\UE_4.18\Engine\Binaries\DotNET\IOS
[2019.10.02-19.14.11:925][698]LogTemp: BranchPath = DESKTOP-DM3S520/C/Program Files/Epic Games/UE_4.18/Engine/Binaries --- GameBranchPath = DESKTOP-DM3S520/C/Program Files/Epic Games/UE_4.18/Engine/Binaries
[2019.10.02-19.14.11:925][698]LogTemp: IPP ERROR: Could not find provision directory 'C:\Users\grego\AppData\Local/Apple Computer/MobileDevice/Provisioning Profiles/'.
[2019.10.02-19.16.17:785][165]LogSavePackage: Save=397.96ms
[2019.10.02-19.16.17:785][165]LogSavePackage: Moving '../../../../../../Users/grego/Documents/Unreal Projects/TP/TP2/Saved/TopDownExampleMap83000BFD427C8763C79632993E0601EA.tmp' to '../../../../../../Users/grego/Documents/Unreal Projects/TP/TP2/Content/TopDown/Maps/TopDownExampleMap.umap'
[2019.10.02-19.16.17:791][165]LogSavePackage: Display: Finished SavePackage ../../../../../../Users/grego/Documents/Unreal Projects/TP/TP2/Content/TopDown/Maps/TopDownExampleMap.umap
[2019.10.02-19.16.18:300][165]LogSavePackage: Save=481.14ms
[2019.10.02-19.16.18:300][165]LogSavePackage: Moving '../../../../../../Users/grego/Documents/Unreal Projects/TP/TP2/Saved/TopDownExampleMap_BuiltDataE6675A10410942394A1B07B207580841.tmp' to '../../../../../../Users/grego/Documents/Unreal Projects/TP/TP2/Content/TopDown/Maps/TopDownExampleMap_BuiltData.uasset'
[2019.10.02-19.16.18:306][165]LogSavePackage: Display: Finished SavePackage ../../../../../../Users/grego/Documents/Unreal Projects/TP/TP2/Content/TopDown/Maps/TopDownExampleMap_BuiltData.uasset
[2019.10.02-19.16.19:878][253]MapCheck: New page: Map Check
[2019.10.02-19.16.19:898][253]Cmd: MAP REBUILD ALLVISIBLE
[2019.10.02-19.16.19:898][253]LogEditorServer: Rebuildmap Clear paths rebuilt
[2019.10.02-19.16.20:072][253]LogMaterial: Missing cached shader map for material FDebugViewModeMaterialProxy WorldGridMaterial, compiling. Is special engine material.
[2019.10.02-19.16.20:080][253]LogMaterial: Missing cached shader map for material FDebugViewModeMaterialProxy AntiAliasedTextMaterialTranslucent, compiling. 
[2019.10.02-19.16.20:090][253]LogMaterial: Missing cached shader map for material FDebugViewModeMaterialProxy MaterialInstanceDynamic_1, compiling. 
[2019.10.02-19.16.20:103][253]LogMaterial: Missing cached shader map for material FDebugViewModeMaterialProxy CubeMaterial, compiling. 
[2019.10.02-19.16.20:113][253]LogMaterial: Missing cached shader map for material FDebugViewModeMaterialProxy M_Metal_Gold, compiling. 
[2019.10.02-19.16.20:122][253]LogMaterial: Missing cached shader map for material FDebugViewModeMaterialProxy M_Brick_Cut_Stone, compiling. 
[2019.10.02-19.16.20:132][253]LogMaterial: Missing cached shader map for material FDebugViewModeMaterialProxy M_Wood_Floor_Walnut_Polished, compiling. 
[2019.10.02-19.16.20:144][253]LogMaterial: Missing cached shader map for material FDebugViewModeMaterialProxy M_Tech_Hex_Tile, compiling. 
[2019.10.02-19.16.20:159][253]LogMaterial: Missing cached shader map for material FDebugViewModeMaterialProxy M_UE4Man_ChestLogo, compiling. 
[2019.10.02-19.16.21:212][253]TextureStreamingBuild: Display: Compiling optional shaders took 1.147 seconds.
[2019.10.02-19.16.21:226][253]LogLevel: Display: Export Material TexCoord Scales took 0.014 seconds.
[2019.10.02-19.16.21:247][253]TextureStreamingBuild: Display: Build Texture Streaming took 0.019 seconds.
[2019.10.02-19.16.21:262][253]LightingResults: New page: Lighting Build - Oct 2, 2019, 11:16:21 AM
[2019.10.02-19.16.21:274][253]LogSwarmInterface: [OpenConnection] Registering TCP channel ...
[2019.10.02-19.16.21:276][253]LogSwarmInterface: [OpenConnection] Connecting to agent ...
[2019.10.02-19.16.21:276][253]LogSwarmInterface: [TryOpenConnection] Testing the Agent
[2019.10.02-19.16.21:277][253]LogSwarmInterface: [TryOpenConnection] Opening Connection to Agent
[2019.10.02-19.16.21:277][253]LogSwarmInterface: [TryOpenConnection] Local Process ID is 6676
[2019.10.02-19.16.25:813][253]LogStaticLightingSystem: Running Lightmass w/ ImmediateImport mode ENABLED
[2019.10.02-19.16.25:813][253]LogStaticLightingSystem: Running Lightmass w/ ImmediateProcess mode ENABLED
[2019.10.02-19.16.25:813][253]LogStaticLightingSystem: Running Lightmass w/ Sorting mode ENABLED
[2019.10.02-19.16.25:813][253]LogStaticLightingSystem: Running Lightmass w/ Mapping paddings ENABLED
[2019.10.02-19.16.25:813][253]LogStaticLightingSystem: Running Lightmass w/ Mapping debug paddings DISABLED
[2019.10.02-19.16.25:978][253]Cmd: MAP CHECK DONTDISPLAYDIALOG
[2019.10.02-19.16.25:978][253]MapCheck: New page: TopDownExampleMap - Oct 2, 2019, 11:16:25 AM
[2019.10.02-19.16.25:979][253]MapCheck: Warning: WorldSettings_0 Duplicate level info 
[2019.10.02-19.16.26:101][253]MapCheck: Map check complete: 0 Error(s), 1 Warning(s), took 123.07ms to complete.
[2019.10.02-19.16.26:124][253]LogEditorBuildUtils: Build time 0:06
[2019.10.02-19.16.29:229][389]LightingResults: Warning: MaterialSphere Object has overlapping UVs.
[2019.10.02-19.16.29:229][389]LightingResults: MaterialSphere Lightmap UV are overlapping by 83.3%. Please adjust content - Enable Error Coloring to visualize.
[2019.10.02-19.16.29:350][394]LightingResults: Warning: MaterialSphere Object has overlapping UVs.
[2019.10.02-19.16.29:350][394]LightingResults: MaterialSphere Lightmap UV are overlapping by 83.3%. Please adjust content - Enable Error Coloring to visualize.
[2019.10.02-19.16.30:735][459]LightingResults: Warning: MaterialSphere Object has overlapping UVs.
[2019.10.02-19.16.30:735][459]LightingResults: MaterialSphere Lightmap UV are overlapping by 83.3%. Please adjust content - Enable Error Coloring to visualize.
[2019.10.02-19.16.32:800][557]LightingResults: Warning: MaterialSphere Object has overlapping UVs.
[2019.10.02-19.16.32:800][557]LightingResults: MaterialSphere Lightmap UV are overlapping by 83.3%. Please adjust content - Enable Error Coloring to visualize.
[2019.10.02-19.16.33:295][581]LightingResults: Warning: MaterialSphere Object has overlapping UVs.
[2019.10.02-19.16.33:295][581]LightingResults: MaterialSphere Lightmap UV are overlapping by 83.3%. Please adjust content - Enable Error Coloring to visualize.
[2019.10.02-19.16.34:460][636]LightingResults: Warning: MaterialSphere Object has overlapping UVs.
[2019.10.02-19.16.34:460][636]LightingResults: MaterialSphere Lightmap UV are overlapping by 83.3%. Please adjust content - Enable Error Coloring to visualize.
[2019.10.02-19.16.34:986][657]LightingResults: Warning: MaterialSphere Object has overlapping UVs.
[2019.10.02-19.16.34:986][657]LightingResults: MaterialSphere Lightmap UV are overlapping by 83.3%. Please adjust content - Enable Error Coloring to visualize.
[2019.10.02-19.16.35:382][675]LightingResults: Warning: MaterialSphere Object has overlapping UVs.
[2019.10.02-19.16.35:382][675]LightingResults: MaterialSphere Lightmap UV are overlapping by 83.3%. Please adjust content - Enable Error Coloring to visualize.
[2019.10.02-19.16.36:145][710]LightingResults: Warning: MaterialSphere Object has overlapping UVs.
[2019.10.02-19.16.36:145][710]LightingResults: MaterialSphere Lightmap UV are overlapping by 83.3%. Please adjust content - Enable Error Coloring to visualize.
[2019.10.02-19.16.36:264][715]LightingResults: Warning: MaterialSphere Object has overlapping UVs.
[2019.10.02-19.16.36:264][715]LightingResults: MaterialSphere Lightmap UV are overlapping by 83.3%. Please adjust content - Enable Error Coloring to visualize.
[2019.10.02-19.16.36:482][724]LightingResults: Warning: MaterialSphere Object has overlapping UVs.
[2019.10.02-19.16.36:482][724]LightingResults: MaterialSphere Lightmap UV are overlapping by 83.3%. Please adjust content - Enable Error Coloring to visualize.
[2019.10.02-19.16.38:190][800]LightingResults: Warning: MaterialSphere Object has overlapping UVs.
[2019.10.02-19.16.38:190][800]LightingResults: MaterialSphere Lightmap UV are overlapping by 83.3%. Please adjust content - Enable Error Coloring to visualize.
[2019.10.02-19.16.38:956][837]Job is a success!
[2019.10.02-19.16.39:045][838]LogVolumetricLightmapImport: Imported Volumetric Lightmap in 0.014s
[2019.10.02-19.16.39:045][838]LogVolumetricLightmapImport:      Indirection Texture 16x16x16 = 0.0Mb
[2019.10.02-19.16.39:045][838]LogVolumetricLightmapImport:      BrickData 115x5x5 = 0.1Mb
[2019.10.02-19.16.39:045][838]LogVolumetricLightmapImport:      Bricks at Level
[2019.10.02-19.16.39:045][838]LogVolumetricLightmapImport:          0: 4.3% covering 100.0% of volume
[2019.10.02-19.16.39:045][838]LogVolumetricLightmapImport:          1: 8.7% covering 3.1% of volume
[2019.10.02-19.16.39:045][838]LogVolumetricLightmapImport:          2: 87.0% covering 0.5% of volume
[2019.10.02-19.16.41:285][838]LogTexture: Display: Building textures: SkyOcclusion0_1 (AutoDXT, 1024X512)
[2019.10.02-19.16.41:286][838]LogTexture: Display: Building textures: HQ_Lightmap0_1 (AutoDXT, 1024X1024)
[2019.10.02-19.16.41:286][838]LogTexture: Display: Building textures: LQ_Lightmap_0_1 (DXT1, 1024X1024)
[2019.10.02-19.16.41:286][838]LogTexture: Display: Building textures: SkyOcclusion0_2 (AutoDXT, 1024X512)
[2019.10.02-19.16.41:286][838]LogTexture: Display: Building textures: HQ_Lightmap0_2 (AutoDXT, 1024X1024)
[2019.10.02-19.16.41:286][838]LogTexture: Display: Building textures: LQ_Lightmap_0_2 (DXT1, 1024X1024)
[2019.10.02-19.16.41:286][838]LogTexture: Display: Building textures: SkyOcclusion0_3 (AutoDXT, 1024X512)
[2019.10.02-19.16.41:286][838]LogTexture: Display: Building textures: HQ_Lightmap0_3 (AutoDXT, 1024X1024)
[2019.10.02-19.16.41:286][838]LogTexture: Display: Building textures: LQ_Lightmap_0_3 (DXT1, 1024X1024)
[2019.10.02-19.16.41:286][838]LogTexture: Display: Building textures: SkyOcclusion0_4 (AutoDXT, 1024X512)
[2019.10.02-19.16.41:286][838]LogTexture: Display: Building textures: HQ_Lightmap0_4 (AutoDXT, 1024X1024)
[2019.10.02-19.16.41:286][838]LogTexture: Display: Building textures: LQ_Lightmap_0_4 (DXT1, 1024X1024)
[2019.10.02-19.16.41:286][838]LogTexture: Display: Building textures: SkyOcclusion0_5 (AutoDXT, 1024X512)
[2019.10.02-19.16.41:286][838]LogTexture: Display: Building textures: HQ_Lightmap0_5 (AutoDXT, 1024X1024)
[2019.10.02-19.16.41:286][838]LogTexture: Display: Building textures: LQ_Lightmap_0_5 (DXT1, 1024X1024)
[2019.10.02-19.16.41:286][838]LogTexture: Display: Building textures: SkyOcclusion0_6 (AutoDXT, 64X32)
[2019.10.02-19.16.41:286][838]LogTexture: Display: Building textures: HQ_Lightmap0_6 (AutoDXT, 64X64)
[2019.10.02-19.16.41:286][838]LogTexture: Display: Building textures: LQ_Lightmap_0_6 (DXT1, 64X64)
[2019.10.02-19.16.41:485][838]LogTexture: Display: Building textures: ShadowMapTexture2D_10 (G8, 1024X256)
[2019.10.02-19.16.41:485][838]LogTexture: Display: Building textures: ShadowMapTexture2D_11 (G8, 32X32)
[2019.10.02-19.16.41:628][838]LogTexture: Display: Building textures: ShadowMapTexture2D_9 (G8, 1024X1024)
[2019.10.02-19.16.41:628][838]LogTexture: Display: Building textures: ShadowMapTexture2D_8 (G8, 1024X1024)
[2019.10.02-19.16.41:654][838]Lightmass on DESKTOP-DM3S520: 14.7 sec total, 126 ms importing, 10 ms setup, 2.09 sec photons, 12.5 sec processing, 0 ms extra exporting [52/52 mappings]. Threads: 1:27 min total, 55.8 sec processing.
[2019.10.02-19.16.41:693][838]LogStaticLightingSystem: Illumination: 20.4 sec (2.09 sec encoding lightmaps, 336 ms encoding shadowmaps)
[2019.10.02-19.16.41:693][838]LogStaticLightingSystem: Lightmap texture memory:  13.3 MB (13.3 MB streaming, 0.0 MB non-streaming), 12 textures
[2019.10.02-19.16.41:693][838]LogStaticLightingSystem: Shadowmap texture memory: 3.0 MB (3.0 MB streaming, 0.0 MB non-streaming), 4 textures
[2019.10.02-19.16.41:828][838]DumpUnbuiltLightIteractions
[2019.10.02-19.16.41:828][838]Lights with unbuilt interactions: 0
[2019.10.02-19.16.41:828][838]
[2019.10.02-19.16.41:828][838]Primitives with unbuilt interactions: 0
[2019.10.02-19.16.41:848][839]Cmd: MAP CHECK NOTIFYRESULTS
[2019.10.02-19.16.41:849][839]MapCheck: New page: TopDownExampleMap - Oct 2, 2019, 11:16:41 AM
[2019.10.02-19.16.41:850][839]MapCheck: Warning: WorldSettings_0 Duplicate level info 
[2019.10.02-19.16.41:980][839]MapCheck: Map check complete: 0 Error(s), 1 Warning(s), took 131.01ms to complete.
[2019.10.02-19.17.08:613][425]LogVSAccessor: Warning: Couldn't access Visual Studio
[2019.10.02-19.17.08:618][425]Candidate modules for hot reload:
[2019.10.02-19.17.08:618][425]  SoftDesignTraining
[2019.10.02-19.17.08:618][425]Launching UnrealBuildTool... [C:/Program Files/Epic Games/UE_4.18/Engine/Binaries/DotNET/UnrealBuildTool.exe SoftDesignTraining -ModuleWithSuffix SoftDesignTraining 7736 Win64 Development -editorrecompile -canskiplink "C:/Users/grego/Documents/Unreal Projects/TP/TP2/SoftDesignTraining.uproject" ]
[2019.10.02-19.17.08:626][425]Warning: Starting HotReload took  0.0s.
[2019.10.02-19.17.20:009][859]CompilerResultsLog: New page: Compilation - Oct 2, 2019, 11:17:20 AM
[2019.10.02-19.17.20:009][859]CompilerResultsLog: Using 'git status' to determine working set for adaptive non-unity build.
[2019.10.02-19.17.20:009][859]CompilerResultsLog: Creating makefile for hot reloading SoftDesignTraining (ini files are newer than UBTMakefile)
[2019.10.02-19.17.20:009][859]CompilerResultsLog: Compiling game modules for hot reload
[2019.10.02-19.17.20:009][859]CompilerResultsLog: Target is up to date
[2019.10.02-19.17.20:009][859]CompilerResultsLog: Total build time: 11,04 seconds (NoActionsToExecute executor: 0,00 seconds)
[2019.10.02-19.17.20:009][859]LogMainFrame: MainFrame: Module compiling took 11.397 seconds
[2019.10.02-19.17.20:303][859]LogContentBrowser: Native class hierarchy populated in 0.0122 seconds. Added 2380 classes and 525 folders.
[2019.10.02-19.17.20:303][859]Display: HotReload took 11.7s.
